Unity Editor version:    2021.2.11f1 (e50cafbb4399)
Branch:                  2021.2/staging
Build type:              Release
Batch mode:              YES
macOS version:           Version 12.3.1 (Build 21E258)
Darwin version:          21.4.0
Architecture:            arm64
Running under Rosetta:   NO
Available memory:        8192 MB
Using pre-set license
Pro License: NO

COMMAND LINE ARGUMENTS:
/Applications/Unity/Hub/Editor/2021.2.11f1/Unity.app/Contents/MacOS/Unity
-adb2
-batchMode
-noUpm
-name
AssetImportWorker0
-projectPath
/Users/blume/Documents/GitHub/ProjectTwo
-logFile
Logs/AssetImportWorker0.log
-srvPort
49669
Successfully changed project path to: /Users/blume/Documents/GitHub/ProjectTwo
/Users/blume/Documents/GitHub/ProjectTwo
[UnityMemory] Configuration Parameters - Can be set up in boot.config
    "memorysetup-bucket-allocator-granularity=16"
    "memorysetup-bucket-allocator-bucket-count=8"
    "memorysetup-bucket-allocator-block-size=33554432"
    "memorysetup-bucket-allocator-block-count=8"
    "memorysetup-main-allocator-block-size=16777216"
    "memorysetup-thread-allocator-block-size=16777216"
    "memorysetup-gfx-main-allocator-block-size=16777216"
    "memorysetup-gfx-thread-allocator-block-size=16777216"
    "memorysetup-cache-allocator-block-size=4194304"
    "memorysetup-typetree-allocator-block-size=2097152"
    "memorysetup-profiler-bucket-allocator-granularity=16"
    "memorysetup-profiler-bucket-allocator-bucket-count=8"
    "memorysetup-profiler-bucket-allocator-block-size=33554432"
    "memorysetup-profiler-bucket-allocator-block-count=8"
    "memorysetup-profiler-allocator-block-size=16777216"
    "memorysetup-profiler-editor-allocator-block-size=1048576"
    "memorysetup-temp-allocator-size-main=16777216"
    "memorysetup-job-temp-allocator-block-size=2097152"
    "memorysetup-job-temp-allocator-block-size-background=1048576"
    "memorysetup-job-temp-allocator-reduction-small-platforms=262144"
    "memorysetup-temp-allocator-size-background-worker=32768"
    "memorysetup-temp-allocator-size-job-worker=262144"
    "memorysetup-temp-allocator-size-preload-manager=33554432"
    "memorysetup-temp-allocator-size-nav-mesh-worker=65536"
    "memorysetup-temp-allocator-size-audio-worker=65536"
    "memorysetup-temp-allocator-size-cloud-worker=32768"
    "memorysetup-temp-allocator-size-gi-baking-worker=262144"
    "memorysetup-temp-allocator-size-gfx=262144"
Refreshing native plugins compatible for Editor in 58.76 ms, found 2 plugins.
Preloading 0 native plugins for Editor in 0.00 ms.
Initialize engine version: 2021.2.11f1 (e50cafbb4399)
[Subsystems] Discovering subsystems at path /Applications/Unity/Hub/Editor/2021.2.11f1/Unity.app/Contents/Resources/UnitySubsystems
[Subsystems] Discovering subsystems at path /Users/blume/Documents/GitHub/ProjectTwo/Assets
GfxDevice: creating device client; threaded=0; jobified=0
 preferred device: Apple M1 (high power)
Metal devices available: 1
0: Apple M1 (high power)
Using device Apple M1 (high power)
Initializing Metal device caps: Apple M1
Initialize mono
Mono path[0] = '/Applications/Unity/Hub/Editor/2021.2.11f1/Unity.app/Contents/Managed'
Mono path[1] = '/Applications/Unity/Hub/Editor/2021.2.11f1/Unity.app/Contents/MonoBleedingEdge/lib/mono/unityjit-macos'
Mono config path = '/Applications/Unity/Hub/Editor/2021.2.11f1/Unity.app/Contents/MonoBleedingEdge/etc'
Using monoOptions --debugger-agent=transport=dt_socket,embedding=1,server=y,suspend=n,address=127.0.0.1:56945
Begin MonoManager ReloadAssembly
Registering precompiled unity dll's ...
Register platform support module: /Applications/Unity/Hub/Editor/2021.2.11f1/Unity.app/Contents/PlaybackEngines/MacStandaloneSupport/UnityEditor.OSXStandalone.Extensions.dll
Registered in 0.001056 seconds.
Native extension for OSXStandalone target not found
Refreshing native plugins compatible for Editor in 59.17 ms, found 2 plugins.
Preloading 0 native plugins for Editor in 0.00 ms.
Mono: successfully reloaded assembly
- Completed reload, in  0.395 seconds
Domain Reload Profiling:
	ReloadAssembly (395ms)
		BeginReloadAssembly (68ms)
			ExecutionOrderSort (0ms)
			DisableScriptedObjects (0ms)
			BackupInstance (0ms)
			ReleaseScriptingObjects (0ms)
			CreateAndSetChildDomain (0ms)
		EndReloadAssembly (282ms)
			LoadAssemblies (68ms)
			RebuildTransferFunctionScriptingTraits (0ms)
			SetupTypeCache (65ms)
			ReleaseScriptCaches (0ms)
			RebuildScriptCaches (19ms)
			SetupLoadedEditorAssemblies (171ms)
				LogAssemblyErrors (0ms)
				InitializePlatformSupportModulesInManaged (7ms)
				SetLoadedEditorAssemblies (0ms)
				RefreshPlugins (59ms)
				BeforeProcessingInitializeOnLoad (1ms)
				ProcessInitializeOnLoadAttributes (77ms)
				ProcessInitializeOnLoadMethodAttributes (26ms)
				AfterProcessingInitializeOnLoad (0ms)
				EditorAssembliesLoaded (0ms)
			ExecutionOrderSort2 (0ms)
			AwakeInstancesAfterBackupRestoration (0ms)
Platform modules already initialized, skipping
Registering precompiled user dll's ...
Registered in 0.005181 seconds.
Begin MonoManager ReloadAssembly
Symbol file LoadedFromMemory doesn't match image /Users/blume/Documents/GitHub/ProjectTwo/Library/PackageCache/com.unity.visualscripting@1.7.6/Editor/VisualScripting.Core/Dependencies/YamlDotNet/Unity.VisualScripting.YamlDotNet.dll
Symbol file LoadedFromMemory doesn't match image /Users/blume/Documents/GitHub/ProjectTwo/Library/PackageCache/com.unity.visualscripting@1.7.6/Editor/VisualScripting.Core/Dependencies/DotNetZip/Unity.VisualScripting.IonicZip.dll
Native extension for OSXStandalone target not found
Refreshing native plugins compatible for Editor in 0.28 ms, found 2 plugins.
Preloading 0 native plugins for Editor in 0.00 ms.
Mono: successfully reloaded assembly
- Completed reload, in  0.591 seconds
Domain Reload Profiling:
	ReloadAssembly (591ms)
		BeginReloadAssembly (62ms)
			ExecutionOrderSort (0ms)
			DisableScriptedObjects (3ms)
			BackupInstance (0ms)
			ReleaseScriptingObjects (0ms)
			CreateAndSetChildDomain (13ms)
		EndReloadAssembly (473ms)
			LoadAssemblies (59ms)
			RebuildTransferFunctionScriptingTraits (0ms)
			SetupTypeCache (160ms)
			ReleaseScriptCaches (0ms)
			RebuildScriptCaches (32ms)
			SetupLoadedEditorAssemblies (199ms)
				LogAssemblyErrors (0ms)
				InitializePlatformSupportModulesInManaged (4ms)
				SetLoadedEditorAssemblies (0ms)
				RefreshPlugins (0ms)
				BeforeProcessingInitializeOnLoad (48ms)
				ProcessInitializeOnLoadAttributes (132ms)
				ProcessInitializeOnLoadMethodAttributes (14ms)
				AfterProcessingInitializeOnLoad (1ms)
				EditorAssembliesLoaded (0ms)
			ExecutionOrderSort2 (0ms)
			AwakeInstancesAfterBackupRestoration (2ms)
Platform modules already initialized, skipping
========================================================================
Worker process is ready to serve import requests
Launching external process: /Applications/Unity/Hub/Editor/2021.2.11f1/Unity.app/Contents/Tools/UnityShaderCompiler
Launched and connected shader compiler UnityShaderCompiler after 0.05 seconds
Refreshing native plugins compatible for Editor in 0.35 ms, found 2 plugins.
Preloading 0 native plugins for Editor in 0.00 ms.
Unloading 3236 Unused Serialized files (Serialized files now loaded: 0)
Unloading 24 unused Assets / (44.2 KB). Loaded Objects now: 3694.
Memory consumption went from 222.9 MB to 222.9 MB.
Total: 2.099584 ms (FindLiveObjects: 0.115959 ms CreateObjectMapping: 0.041958 ms MarkObjects: 1.898917 ms  DeleteObjects: 0.042084 ms)

AssetImportParameters requested are different than current active one (requested -> active):
  custom:video-decoder-ogg-theora: a1e56fd34408186e4bbccfd4996cb3dc -> 
  custom:container-muxer-webm: aa71ff27fc2769a1b78a27578f13a17b -> 
  custom:container-demuxer-webm: 4f35f7cbe854078d1ac9338744f61a02 -> 
  custom:video-encoder-webm-vp8: eb34c28f22e8b96e1ab97ce403110664 -> 
  custom:framework-osx-AVFoundation: e770b220cccbd017edd2c1fefb359320 -> 
  custom:audio-encoder-webm-vorbis: bf7c407c2cedff20999df2af8eb42d56 -> 
  custom:container-demuxer-ogg: 62fdf1f143b41e24485cea50d1cbac27 -> 
  custom:video-decoder-webm-vp8: 9c59270c3fd7afecdb556c50c9e8de78 -> 
  custom:audio-decoder-ogg-vorbis: bf7c407c2cedff20999df2af8eb42d56 -> 
========================================================================
Received Import Request.
  Time since last request: 12368.487657 seconds.
  path: Assets/Icons/music icon.jpg
  artifactKey: Guid(864104a551b53e44d8c87d5cbdde70ad) Importer(815301076,1909f56bfc062723c751e8b465ee728b)
Start importing Assets/Icons/music icon.jpg using Guid(864104a551b53e44d8c87d5cbdde70ad) Importer(815301076,1909f56bfc062723c751e8b465ee728b)  -> (artifact id: '5c614fa6ac12b32ceaab4e742fe33409') in 0.704769 seconds 
========================================================================
Received Import Request.
  Time since last request: 0.000049 seconds.
  path: Assets/Icons/trophy icon.png
  artifactKey: Guid(e90e9cd7cd30db24b8300c29c04df2f3) Importer(815301076,1909f56bfc062723c751e8b465ee728b)
Start importing Assets/Icons/trophy icon.png using Guid(e90e9cd7cd30db24b8300c29c04df2f3) Importer(815301076,1909f56bfc062723c751e8b465ee728b)  -> (artifact id: '45f78fed17c34ae83bfff472dcd2fc0e') in 0.058800 seconds 
========================================================================
Received Import Request.
  Time since last request: 0.000049 seconds.
  path: Assets/Icons
  artifactKey: Guid(ca1748c4327db9147903dac84da1f40b) Importer(815301076,1909f56bfc062723c751e8b465ee728b)
Start importing Assets/Icons using Guid(ca1748c4327db9147903dac84da1f40b) Importer(815301076,1909f56bfc062723c751e8b465ee728b)  -> (artifact id: 'dffd26624e4d6d96591d5fc949c8211d') in 0.000370 seconds 
========================================================================
Received Import Request.
  Time since last request: 0.000055 seconds.
  path: Assets/Icons/exit icon.png
  artifactKey: Guid(2e17a71dacc8fad49a0b7603c86232d0) Importer(815301076,1909f56bfc062723c751e8b465ee728b)
Start importing Assets/Icons/exit icon.png using Guid(2e17a71dacc8fad49a0b7603c86232d0) Importer(815301076,1909f56bfc062723c751e8b465ee728b)  -> (artifact id: '2f9d5772db6637a5bcaff6d3a74c4538') in 0.034709 seconds 
========================================================================
Received Import Request.
  Time since last request: 0.000042 seconds.
  path: Assets/Icons/play button.jpg
  artifactKey: Guid(c6a93bc273c226a4ea19d159f28ef3d0) Importer(815301076,1909f56bfc062723c751e8b465ee728b)
Start importing Assets/Icons/play button.jpg using Guid(c6a93bc273c226a4ea19d159f28ef3d0) Importer(815301076,1909f56bfc062723c751e8b465ee728b)  -> (artifact id: 'eb0e504c255138b031f6ad638ab632b5') in 0.008033 seconds 
========================================================================
Received Import Request.
  Time since last request: 0.000061 seconds.
  path: Assets/Icons/R.png
  artifactKey: Guid(63e1efaa47f0e724989a0c154691e578) Importer(815301076,1909f56bfc062723c751e8b465ee728b)
Start importing Assets/Icons/R.png using Guid(63e1efaa47f0e724989a0c154691e578) Importer(815301076,1909f56bfc062723c751e8b465ee728b)  -> (artifact id: 'e80a5f3f7f9b46071b41366bbcb63497') in 0.007809 seconds 
========================================================================
Received Import Request.
  Time since last request: 0.000055 seconds.
  path: Assets/Icons/settings.png
  artifactKey: Guid(d4fe3a2e53dfe3041ad7ef9f46390506) Importer(815301076,1909f56bfc062723c751e8b465ee728b)
Start importing Assets/Icons/settings.png using Guid(d4fe3a2e53dfe3041ad7ef9f46390506) Importer(815301076,1909f56bfc062723c751e8b465ee728b)  -> (artifact id: '02a1934385888e4851b962fdce415651') in 0.038596 seconds 
========================================================================
Received Import Request.
  Time since last request: 0.000058 seconds.
  path: Assets/Icons/sound icon.jpg
  artifactKey: Guid(8a72b4bcba589844cacd6353e8a33efa) Importer(815301076,1909f56bfc062723c751e8b465ee728b)
Start importing Assets/Icons/sound icon.jpg using Guid(8a72b4bcba589844cacd6353e8a33efa) Importer(815301076,1909f56bfc062723c751e8b465ee728b)  -> (artifact id: '69afc1dd876c09cf7ea11eecf32f8a06') in 0.007750 seconds 
========================================================================
Received Import Request.
  Time since last request: 0.000056 seconds.
  path: Assets/Icons/240_F_108249947_UMBLfSCpTWU6AGiUz0F7a524koG3eO0z.jpg
  artifactKey: Guid(8175ce9f3ee96e946bd3dce1047789ae) Importer(815301076,1909f56bfc062723c751e8b465ee728b)
Start importing Assets/Icons/240_F_108249947_UMBLfSCpTWU6AGiUz0F7a524koG3eO0z.jpg using Guid(8175ce9f3ee96e946bd3dce1047789ae) Importer(815301076,1909f56bfc062723c751e8b465ee728b)  -> (artifact id: '8a7af954205a22f7edd60067c7b52368') in 0.007459 seconds 
========================================================================
Received Import Request.
  Time since last request: 7.954726 seconds.
  path: Assets/Scenes/View Scene.unity
  artifactKey: Guid(64dcdc8cea0cf84488c467fd0362a02e) Importer(815301076,1909f56bfc062723c751e8b465ee728b)
Start importing Assets/Scenes/View Scene.unity using Guid(64dcdc8cea0cf84488c467fd0362a02e) Importer(815301076,1909f56bfc062723c751e8b465ee728b)  -> (artifact id: '970553e653e7ba3958f2c9ebf53a4e39') in 0.001223 seconds 
========================================================================
Received Import Request.
  Time since last request: 3.269877 seconds.
  path: Assets/Scenes/Menu Scene.unity
  artifactKey: Guid(0e7abacd19a267f4ca206d29a403ba03) Importer(815301076,1909f56bfc062723c751e8b465ee728b)
Start importing Assets/Scenes/Menu Scene.unity using Guid(0e7abacd19a267f4ca206d29a403ba03) Importer(815301076,1909f56bfc062723c751e8b465ee728b)  -> (artifact id: '8d9335fffa282552ebfc71adb86605b1') in 0.001274 seconds 
========================================================================
Received Import Request.
  Time since last request: 10.388399 seconds.
  path: Assets/Scenes/AR Scene.unity
  artifactKey: Guid(9fc0d4010bbf28b4594072e72b8655ab) Importer(815301076,1909f56bfc062723c751e8b465ee728b)
Start importing Assets/Scenes/AR Scene.unity using Guid(9fc0d4010bbf28b4594072e72b8655ab) Importer(815301076,1909f56bfc062723c751e8b465ee728b)  -> (artifact id: 'bfcc9adba5a5d77cf699aa8897ca4612') in 0.001503 seconds 
========================================================================
Received Import Request.
  Time since last request: 321.275365 seconds.
  path: Assets/Lowpoly Flowers/Materials
  artifactKey: Guid(26e422681cd82fd45acf42c1aa67c302) Importer(815301076,1909f56bfc062723c751e8b465ee728b)
Start importing Assets/Lowpoly Flowers/Materials using Guid(26e422681cd82fd45acf42c1aa67c302) Importer(815301076,1909f56bfc062723c751e8b465ee728b)  -> (artifact id: '3317e08bf39238b35ad8ab0d22ac6ace') in 0.001420 seconds 
========================================================================
Received Import Request.
  Time since last request: 0.046736 seconds.
  path: Assets/Lowpoly Flowers/Materials/blinn2.mat
  artifactKey: Guid(3c4965f40ee8b42a0a72fd79ff8b1c36) Importer(815301076,1909f56bfc062723c751e8b465ee728b)
Start importing Assets/Lowpoly Flowers/Materials/blinn2.mat using Guid(3c4965f40ee8b42a0a72fd79ff8b1c36) Importer(815301076,1909f56bfc062723c751e8b465ee728b)  -> (artifact id: 'dd2f83610afc8ba2e8917adb3f89cddc') in 0.348322 seconds 
========================================================================
Received Import Request.
  Time since last request: 2.712602 seconds.
  path: Assets/Materials/assault1.mat
  artifactKey: Guid(c588de1bd0ae27543958b38850e54921) Importer(815301076,1909f56bfc062723c751e8b465ee728b)
Start importing Assets/Materials/assault1.mat using Guid(c588de1bd0ae27543958b38850e54921) Importer(815301076,1909f56bfc062723c751e8b465ee728b)  -> (artifact id: '571e1e2b4ff923906652d445b61f19f2') in 0.018177 seconds 
========================================================================
Received Import Request.
  Time since last request: 0.000075 seconds.
  path: Assets/Materials/Stem.mat
  artifactKey: Guid(afcb3b65d2ddbd94aba64835a5ddad7d) Importer(815301076,1909f56bfc062723c751e8b465ee728b)
Start importing Assets/Materials/Stem.mat using Guid(afcb3b65d2ddbd94aba64835a5ddad7d) Importer(815301076,1909f56bfc062723c751e8b465ee728b)  -> (artifact id: '6cbce890f9c928247c3dc509ce9783a2') in 0.009253 seconds 
